\BOOKMARK [-1][-]{part.1}{I Equilibri di Nash}{}% 1
\BOOKMARK [0][-]{chapter.1}{Introduzione agli equilibri di Nash}{part.1}% 2
\BOOKMARK [1][-]{section.1.1}{Teoria dei giochi}{chapter.1}% 3
\BOOKMARK [2][-]{subsection.1.1.1}{Giochi non-cooperativi}{section.1.1}% 4
\BOOKMARK [1][-]{section.1.2}{Equilibri di Nash}{chapter.1}% 5
\BOOKMARK [2][-]{subsection.1.2.1}{Definizione formale}{section.1.2}% 6
\BOOKMARK [1][-]{section.1.3}{Nozioni di base}{chapter.1}% 7
\BOOKMARK [2][-]{subsection.1.3.1}{Rappresentazione con matrici di payoff e descrizione del procedimento decisionale}{section.1.3}% 8
\BOOKMARK [2][-]{subsection.1.3.2}{Equilibri di Nash e ottimo sociale}{section.1.3}% 9
\BOOKMARK [2][-]{subsection.1.3.3}{Equilibri di Nash multipli}{section.1.3}% 10
\BOOKMARK [2][-]{subsection.1.3.4}{Assenza di equilibri di Nash}{section.1.3}% 11
\BOOKMARK [2][-]{subsection.1.3.5}{Il dilemma del prigioniero : sub-ottimalit\340 individuale e sociale}{section.1.3}% 12
\BOOKMARK [-1][-]{part.2}{II Gioco della K-Colorazione Generalizzata}{}% 13
\BOOKMARK [0][-]{chapter.2}{Gioco della k-colorazione generalizzata}{part.2}% 14
\BOOKMARK [1][-]{section.2.1}{Descrizione generale}{chapter.2}% 15
\BOOKMARK [2][-]{subsection.2.1.1}{Nozioni sul problema}{section.2.1}% 16
\BOOKMARK [1][-]{section.2.2}{Dettagli sul modello}{chapter.2}% 17
\BOOKMARK [2][-]{subsection.2.2.1}{Convergenza ed esistenza degli equilibri di Nash}{section.2.2}% 18
\BOOKMARK [1][-]{section.2.3}{Benessere sociale utilitario \(utilitarian social welfare\)}{chapter.2}% 19
\BOOKMARK [2][-]{subsection.2.3.1}{Prezzo dell'anarchia utilitario \(utilitarian price of anarchy\)}{section.2.3}% 20
\BOOKMARK [1][-]{section.2.4}{Benessere sociale egalitario \(egalitarian social welfare\)}{chapter.2}% 21
\BOOKMARK [2][-]{subsection.2.4.1}{Prezzo dell'anarchia egalitario \(egalitarian price of anarchy\)}{section.2.4}% 22
\BOOKMARK [-1][-]{part.3}{III Implementazione}{}% 23
\BOOKMARK [0][-]{chapter.3}{Implementazione}{part.3}% 24
\BOOKMARK [1][-]{section.3.1}{Struttura generale}{chapter.3}% 25
\BOOKMARK [1][-]{section.3.2}{Componenti utilizzati e progettazione}{chapter.3}% 26
\BOOKMARK [-1][-]{part.4}{IV Sperimentazione}{}% 27
