


######################################################################
[EXEC : NASH EQUILIBRIUM]
[GRAPH : 0_complete_graph_with_9_nodes.edgelist ]

[IMPROVING MOVE] [NEW BEST] COLOR 0 --- NODE 1 --- [NEW BEST] PROFIT 42
[IMPROVING MOVE] [NEW BEST] COLOR 0 --- NODE 6 --- [NEW BEST] PROFIT 39
[IMPROVING MOVE] [NEW BEST] COLOR 1 --- NODE 0 --- [NEW BEST] PROFIT 38

[FINAL] EGALITARIAN SOCIAL WELFARE ---> VALUE 37
[FINAL] UTILITARIAN SOCIAL WELFARE ---> VALUE 394
[FINAL] COUNT ---> VALUE 3


######################################################################
[EXEC : NASH EQUILIBRIUM]
[GRAPH : 1_complete_graph_with_9_nodes.edgelist ]

[IMPROVING MOVE] [NEW BEST] COLOR 2 --- NODE 0 --- [NEW BEST] PROFIT 45
[IMPROVING MOVE] [NEW BEST] COLOR 0 --- NODE 1 --- [NEW BEST] PROFIT 36
[IMPROVING MOVE] [NEW BEST] COLOR 0 --- NODE 7 --- [NEW BEST] PROFIT 33
[IMPROVING MOVE] [NEW BEST] COLOR 2 --- NODE 1 --- [NEW BEST] PROFIT 33
[IMPROVING MOVE] [NEW BEST] COLOR 0 --- NODE 2 --- [NEW BEST] PROFIT 47
[IMPROVING MOVE] [NEW BEST] COLOR 2 --- NODE 3 --- [NEW BEST] PROFIT 48
[IMPROVING MOVE] [NEW BEST] COLOR 1 --- NODE 8 --- [NEW BEST] PROFIT 36

[FINAL] EGALITARIAN SOCIAL WELFARE ---> VALUE 36
[FINAL] UTILITARIAN SOCIAL WELFARE ---> VALUE 405
[FINAL] COUNT ---> VALUE 7


######################################################################
[EXEC : NASH EQUILIBRIUM]
[GRAPH : 2_complete_graph_with_6_nodes.edgelist ]

[IMPROVING MOVE] [NEW BEST] COLOR 0 --- NODE 2 --- [NEW BEST] PROFIT 25
[IMPROVING MOVE] [NEW BEST] COLOR 1 --- NODE 0 --- [NEW BEST] PROFIT 36
[IMPROVING MOVE] [NEW BEST] COLOR 1 --- NODE 3 --- [NEW BEST] PROFIT 32
[IMPROVING MOVE] [NEW BEST] COLOR 0 --- NODE 0 --- [NEW BEST] PROFIT 35

[FINAL] EGALITARIAN SOCIAL WELFARE ---> VALUE 25
[FINAL] UTILITARIAN SOCIAL WELFARE ---> VALUE 200
[FINAL] COUNT ---> VALUE 4


######################################################################
[EXEC : NASH EQUILIBRIUM]
[GRAPH : 3_complete_graph_with_8_nodes.edgelist ]

[IMPROVING MOVE] [NEW BEST] COLOR 0 --- NODE 0 --- [NEW BEST] PROFIT 52
[IMPROVING MOVE] [NEW BEST] COLOR 0 --- NODE 1 --- [NEW BEST] PROFIT 34
[IMPROVING MOVE] [NEW BEST] COLOR 0 --- NODE 2 --- [NEW BEST] PROFIT 27
[IMPROVING MOVE] [NEW BEST] COLOR 2 --- NODE 3 --- [NEW BEST] PROFIT 44
[IMPROVING MOVE] [NEW BEST] COLOR 1 --- NODE 1 --- [NEW BEST] PROFIT 33
[IMPROVING MOVE] [NEW BEST] COLOR 0 --- NODE 4 --- [NEW BEST] PROFIT 30
[IMPROVING MOVE] [NEW BEST] COLOR 0 --- NODE 5 --- [NEW BEST] PROFIT 28

[FINAL] EGALITARIAN SOCIAL WELFARE ---> VALUE 28
[FINAL] UTILITARIAN SOCIAL WELFARE ---> VALUE 297
[FINAL] COUNT ---> VALUE 7


######################################################################
[EXEC : NASH EQUILIBRIUM]
[GRAPH : 4_complete_graph_with_5_nodes.edgelist ]

[IMPROVING MOVE] [NEW BEST] COLOR 0 --- NODE 1 --- [NEW BEST] PROFIT 16
[IMPROVING MOVE] [NEW BEST] COLOR 1 --- NODE 2 --- [NEW BEST] PROFIT 28
[IMPROVING MOVE] [NEW BEST] COLOR 1 --- NODE 3 --- [NEW BEST] PROFIT 24
[IMPROVING MOVE] [NEW BEST] COLOR 2 --- NODE 1 --- [NEW BEST] PROFIT 18

[FINAL] EGALITARIAN SOCIAL WELFARE ---> VALUE 18
[FINAL] UTILITARIAN SOCIAL WELFARE ---> VALUE 125
[FINAL] COUNT ---> VALUE 4


######################################################################
[EXEC : NASH EQUILIBRIUM]
[GRAPH : 5_complete_graph_with_9_nodes.edgelist ]

[IMPROVING MOVE] [NEW BEST] COLOR 1 --- NODE 0 --- [NEW BEST] PROFIT 49
[IMPROVING MOVE] [NEW BEST] COLOR 1 --- NODE 1 --- [NEW BEST] PROFIT 41

[FINAL] EGALITARIAN SOCIAL WELFARE ---> VALUE 28
[FINAL] UTILITARIAN SOCIAL WELFARE ---> VALUE 366
[FINAL] COUNT ---> VALUE 2


######################################################################
[EXEC : NASH EQUILIBRIUM]
[GRAPH : 6_complete_graph_with_3_nodes.edgelist ]


[FINAL] EGALITARIAN SOCIAL WELFARE ---> VALUE 13
[FINAL] UTILITARIAN SOCIAL WELFARE ---> VALUE 41
[FINAL] COUNT ---> VALUE 0


######################################################################
[EXEC : NASH EQUILIBRIUM]
[GRAPH : 7_complete_graph_with_7_nodes.edgelist ]

[IMPROVING MOVE] [NEW BEST] COLOR 1 --- NODE 0 --- [NEW BEST] PROFIT 38
[IMPROVING MOVE] [NEW BEST] COLOR 2 --- NODE 1 --- [NEW BEST] PROFIT 32
[IMPROVING MOVE] [NEW BEST] COLOR 1 --- NODE 2 --- [NEW BEST] PROFIT 38
[IMPROVING MOVE] [NEW BEST] COLOR 2 --- NODE 3 --- [NEW BEST] PROFIT 40
[IMPROVING MOVE] [NEW BEST] COLOR 0 --- NODE 6 --- [NEW BEST] PROFIT 31
[IMPROVING MOVE] [NEW BEST] COLOR 1 --- NODE 5 --- [NEW BEST] PROFIT 37
[IMPROVING MOVE] [NEW BEST] COLOR 0 --- NODE 0 --- [NEW BEST] PROFIT 29
[IMPROVING MOVE] [NEW BEST] COLOR 2 --- NODE 2 --- [NEW BEST] PROFIT 35
[IMPROVING MOVE] [NEW BEST] COLOR 1 --- NODE 0 --- [NEW BEST] PROFIT 31
[IMPROVING MOVE] [NEW BEST] COLOR 0 --- NODE 3 --- [NEW BEST] PROFIT 38
[IMPROVING MOVE] [NEW BEST] COLOR 1 --- NODE 4 --- [NEW BEST] PROFIT 31

[FINAL] EGALITARIAN SOCIAL WELFARE ---> VALUE 28
[FINAL] UTILITARIAN SOCIAL WELFARE ---> VALUE 261
[FINAL] COUNT ---> VALUE 11


######################################################################
[EXEC : NASH EQUILIBRIUM]
[GRAPH : 8_complete_graph_with_5_nodes.edgelist ]

[IMPROVING MOVE] [NEW BEST] COLOR 0 --- NODE 0 --- [NEW BEST] PROFIT 29
[IMPROVING MOVE] [NEW BEST] COLOR 1 --- NODE 3 --- [NEW BEST] PROFIT 20
[IMPROVING MOVE] [NEW BEST] COLOR 2 --- NODE 2 --- [NEW BEST] PROFIT 24
[IMPROVING MOVE] [NEW BEST] COLOR 1 --- NODE 0 --- [NEW BEST] PROFIT 30
[IMPROVING MOVE] [NEW BEST] COLOR 0 --- NODE 2 --- [NEW BEST] PROFIT 25

[FINAL] EGALITARIAN SOCIAL WELFARE ---> VALUE 19
[FINAL] UTILITARIAN SOCIAL WELFARE ---> VALUE 138
[FINAL] COUNT ---> VALUE 5


######################################################################
[EXEC : NASH EQUILIBRIUM]
[GRAPH : 9_complete_graph_with_8_nodes.edgelist ]

[IMPROVING MOVE] [NEW BEST] COLOR 1 --- NODE 0 --- [NEW BEST] PROFIT 52
[IMPROVING MOVE] [NEW BEST] COLOR 2 --- NODE 1 --- [NEW BEST] PROFIT 36
[IMPROVING MOVE] [NEW BEST] COLOR 1 --- NODE 4 --- [NEW BEST] PROFIT 40
[IMPROVING MOVE] [NEW BEST] COLOR 1 --- NODE 5 --- [NEW BEST] PROFIT 24
[IMPROVING MOVE] [NEW BEST] COLOR 0 --- NODE 7 --- [NEW BEST] PROFIT 26

[FINAL] EGALITARIAN SOCIAL WELFARE ---> VALUE 24
[FINAL] UTILITARIAN SOCIAL WELFARE ---> VALUE 279
[FINAL] COUNT ---> VALUE 5