
######################################################################
[EXEC : UTILITARIAN SOCIAL WELFARE]


COLOR LIST PERMUTATION (pre-assignment)

[(0, 0, 0, 0, 0, 0, 0), (0, 0, 0, 0, 0, 0, 1), (0, 0, 0, 0, 0, 1, 0), (0, 0, 0, 0, 0, 1, 1), (0, 0, 0, 0, 1, 0, 0), (0, 0, 0, 0, 1, 0, 1), (0, 0, 0, 0, 1, 1, 0), (0, 0, 0, 0, 1, 1, 1), (0, 0, 0, 1, 0, 0, 0), (0, 0, 0, 1, 0, 0, 1), (0, 0, 0, 1, 0, 1, 0), (0, 0, 0, 1, 0, 1, 1), (0, 0, 0, 1, 1, 0, 0), (0, 0, 0, 1, 1, 0, 1), (0, 0, 0, 1, 1, 1, 0), (0, 0, 0, 1, 1, 1, 1), (0, 0, 1, 0, 0, 0, 0), (0, 0, 1, 0, 0, 0, 1), (0, 0, 1, 0, 0, 1, 0), (0, 0, 1, 0, 0, 1, 1), (0, 0, 1, 0, 1, 0, 0), (0, 0, 1, 0, 1, 0, 1), (0, 0, 1, 0, 1, 1, 0), (0, 0, 1, 0, 1, 1, 1), (0, 0, 1, 1, 0, 0, 0), (0, 0, 1, 1, 0, 0, 1), (0, 0, 1, 1, 0, 1, 0), (0, 0, 1, 1, 0, 1, 1), (0, 0, 1, 1, 1, 0, 0), (0, 0, 1, 1, 1, 0, 1), (0, 0, 1, 1, 1, 1, 0), (0, 0, 1, 1, 1, 1, 1), (0, 1, 0, 0, 0, 0, 0), (0, 1, 0, 0, 0, 0, 1), (0, 1, 0, 0, 0, 1, 0), (0, 1, 0, 0, 0, 1, 1), (0, 1, 0, 0, 1, 0, 0), (0, 1, 0, 0, 1, 0, 1), (0, 1, 0, 0, 1, 1, 0), (0, 1, 0, 0, 1, 1, 1), (0, 1, 0, 1, 0, 0, 0), (0, 1, 0, 1, 0, 0, 1), (0, 1, 0, 1, 0, 1, 0), (0, 1, 0, 1, 0, 1, 1), (0, 1, 0, 1, 1, 0, 0), (0, 1, 0, 1, 1, 0, 1), (0, 1, 0, 1, 1, 1, 0), (0, 1, 0, 1, 1, 1, 1), (0, 1, 1, 0, 0, 0, 0), (0, 1, 1, 0, 0, 0, 1), (0, 1, 1, 0, 0, 1, 0), (0, 1, 1, 0, 0, 1, 1), (0, 1, 1, 0, 1, 0, 0), (0, 1, 1, 0, 1, 0, 1), (0, 1, 1, 0, 1, 1, 0), (0, 1, 1, 0, 1, 1, 1), (0, 1, 1, 1, 0, 0, 0), (0, 1, 1, 1, 0, 0, 1), (0, 1, 1, 1, 0, 1, 0), (0, 1, 1, 1, 0, 1, 1), (0, 1, 1, 1, 1, 0, 0), (0, 1, 1, 1, 1, 0, 1), (0, 1, 1, 1, 1, 1, 0), (0, 1, 1, 1, 1, 1, 1), (1, 0, 0, 0, 0, 0, 0), (1, 0, 0, 0, 0, 0, 1), (1, 0, 0, 0, 0, 1, 0), (1, 0, 0, 0, 0, 1, 1), (1, 0, 0, 0, 1, 0, 0), (1, 0, 0, 0, 1, 0, 1), (1, 0, 0, 0, 1, 1, 0), (1, 0, 0, 0, 1, 1, 1), (1, 0, 0, 1, 0, 0, 0), (1, 0, 0, 1, 0, 0, 1), (1, 0, 0, 1, 0, 1, 0), (1, 0, 0, 1, 0, 1, 1), (1, 0, 0, 1, 1, 0, 0), (1, 0, 0, 1, 1, 0, 1), (1, 0, 0, 1, 1, 1, 0), (1, 0, 0, 1, 1, 1, 1), (1, 0, 1, 0, 0, 0, 0), (1, 0, 1, 0, 0, 0, 1), (1, 0, 1, 0, 0, 1, 0), (1, 0, 1, 0, 0, 1, 1), (1, 0, 1, 0, 1, 0, 0), (1, 0, 1, 0, 1, 0, 1), (1, 0, 1, 0, 1, 1, 0), (1, 0, 1, 0, 1, 1, 1), (1, 0, 1, 1, 0, 0, 0), (1, 0, 1, 1, 0, 0, 1), (1, 0, 1, 1, 0, 1, 0), (1, 0, 1, 1, 0, 1, 1), (1, 0, 1, 1, 1, 0, 0), (1, 0, 1, 1, 1, 0, 1), (1, 0, 1, 1, 1, 1, 0), (1, 0, 1, 1, 1, 1, 1), (1, 1, 0, 0, 0, 0, 0), (1, 1, 0, 0, 0, 0, 1), (1, 1, 0, 0, 0, 1, 0), (1, 1, 0, 0, 0, 1, 1), (1, 1, 0, 0, 1, 0, 0), (1, 1, 0, 0, 1, 0, 1), (1, 1, 0, 0, 1, 1, 0), (1, 1, 0, 0, 1, 1, 1), (1, 1, 0, 1, 0, 0, 0), (1, 1, 0, 1, 0, 0, 1), (1, 1, 0, 1, 0, 1, 0), (1, 1, 0, 1, 0, 1, 1), (1, 1, 0, 1, 1, 0, 0), (1, 1, 0, 1, 1, 0, 1), (1, 1, 0, 1, 1, 1, 0), (1, 1, 0, 1, 1, 1, 1), (1, 1, 1, 0, 0, 0, 0), (1, 1, 1, 0, 0, 0, 1), (1, 1, 1, 0, 0, 1, 0), (1, 1, 1, 0, 0, 1, 1), (1, 1, 1, 0, 1, 0, 0), (1, 1, 1, 0, 1, 0, 1), (1, 1, 1, 0, 1, 1, 0), (1, 1, 1, 0, 1, 1, 1), (1, 1, 1, 1, 0, 0, 0), (1, 1, 1, 1, 0, 0, 1), (1, 1, 1, 1, 0, 1, 0), (1, 1, 1, 1, 0, 1, 1), (1, 1, 1, 1, 1, 0, 0), (1, 1, 1, 1, 1, 0, 1), (1, 1, 1, 1, 1, 1, 0), (1, 1, 1, 1, 1, 1, 1)]


[NEW BEST] UTILITARIAN SOCIAL WELFARE ---> VALUE 249 --- COLOURING (0, 0, 0, 0, 0, 0, 0)
[NEW BEST] UTILITARIAN SOCIAL WELFARE ---> VALUE 789 --- COLOURING (0, 0, 0, 0, 0, 0, 1)
[NEW BEST] UTILITARIAN SOCIAL WELFARE ---> VALUE 1045 --- COLOURING (0, 0, 0, 0, 0, 1, 1)
[NEW BEST] UTILITARIAN SOCIAL WELFARE ---> VALUE 1087 --- COLOURING (0, 0, 0, 0, 1, 1, 1)
[NEW BEST] UTILITARIAN SOCIAL WELFARE ---> VALUE 1192 --- COLOURING (0, 0, 0, 1, 0, 0, 1)
[NEW BEST] UTILITARIAN SOCIAL WELFARE ---> VALUE 1210 --- COLOURING (0, 0, 0, 1, 1, 0, 1)
[NEW BEST] UTILITARIAN SOCIAL WELFARE ---> VALUE 1338 --- COLOURING (0, 0, 0, 1, 1, 1, 0)
[NEW BEST] UTILITARIAN SOCIAL WELFARE ---> VALUE 1414 --- COLOURING (0, 1, 0, 0, 1, 1, 0)

[FINAL] UTILITARIAN SOCIAL WELFARE ---> VALUE 1414 --- COLOURING (0, 1, 0, 0, 1, 1, 0)

######################################################################
[EXEC : EGALITARIAN SOCIAL WELFARE]


COLOR LIST PERMUTATION (pre-assignment)

[(0, 0, 0, 0, 0, 0, 0), (0, 0, 0, 0, 0, 0, 1), (0, 0, 0, 0, 0, 1, 0), (0, 0, 0, 0, 0, 1, 1), (0, 0, 0, 0, 1, 0, 0), (0, 0, 0, 0, 1, 0, 1), (0, 0, 0, 0, 1, 1, 0), (0, 0, 0, 0, 1, 1, 1), (0, 0, 0, 1, 0, 0, 0), (0, 0, 0, 1, 0, 0, 1), (0, 0, 0, 1, 0, 1, 0), (0, 0, 0, 1, 0, 1, 1), (0, 0, 0, 1, 1, 0, 0), (0, 0, 0, 1, 1, 0, 1), (0, 0, 0, 1, 1, 1, 0), (0, 0, 0, 1, 1, 1, 1), (0, 0, 1, 0, 0, 0, 0), (0, 0, 1, 0, 0, 0, 1), (0, 0, 1, 0, 0, 1, 0), (0, 0, 1, 0, 0, 1, 1), (0, 0, 1, 0, 1, 0, 0), (0, 0, 1, 0, 1, 0, 1), (0, 0, 1, 0, 1, 1, 0), (0, 0, 1, 0, 1, 1, 1), (0, 0, 1, 1, 0, 0, 0), (0, 0, 1, 1, 0, 0, 1), (0, 0, 1, 1, 0, 1, 0), (0, 0, 1, 1, 0, 1, 1), (0, 0, 1, 1, 1, 0, 0), (0, 0, 1, 1, 1, 0, 1), (0, 0, 1, 1, 1, 1, 0), (0, 0, 1, 1, 1, 1, 1), (0, 1, 0, 0, 0, 0, 0), (0, 1, 0, 0, 0, 0, 1), (0, 1, 0, 0, 0, 1, 0), (0, 1, 0, 0, 0, 1, 1), (0, 1, 0, 0, 1, 0, 0), (0, 1, 0, 0, 1, 0, 1), (0, 1, 0, 0, 1, 1, 0), (0, 1, 0, 0, 1, 1, 1), (0, 1, 0, 1, 0, 0, 0), (0, 1, 0, 1, 0, 0, 1), (0, 1, 0, 1, 0, 1, 0), (0, 1, 0, 1, 0, 1, 1), (0, 1, 0, 1, 1, 0, 0), (0, 1, 0, 1, 1, 0, 1), (0, 1, 0, 1, 1, 1, 0), (0, 1, 0, 1, 1, 1, 1), (0, 1, 1, 0, 0, 0, 0), (0, 1, 1, 0, 0, 0, 1), (0, 1, 1, 0, 0, 1, 0), (0, 1, 1, 0, 0, 1, 1), (0, 1, 1, 0, 1, 0, 0), (0, 1, 1, 0, 1, 0, 1), (0, 1, 1, 0, 1, 1, 0), (0, 1, 1, 0, 1, 1, 1), (0, 1, 1, 1, 0, 0, 0), (0, 1, 1, 1, 0, 0, 1), (0, 1, 1, 1, 0, 1, 0), (0, 1, 1, 1, 0, 1, 1), (0, 1, 1, 1, 1, 0, 0), (0, 1, 1, 1, 1, 0, 1), (0, 1, 1, 1, 1, 1, 0), (0, 1, 1, 1, 1, 1, 1), (1, 0, 0, 0, 0, 0, 0), (1, 0, 0, 0, 0, 0, 1), (1, 0, 0, 0, 0, 1, 0), (1, 0, 0, 0, 0, 1, 1), (1, 0, 0, 0, 1, 0, 0), (1, 0, 0, 0, 1, 0, 1), (1, 0, 0, 0, 1, 1, 0), (1, 0, 0, 0, 1, 1, 1), (1, 0, 0, 1, 0, 0, 0), (1, 0, 0, 1, 0, 0, 1), (1, 0, 0, 1, 0, 1, 0), (1, 0, 0, 1, 0, 1, 1), (1, 0, 0, 1, 1, 0, 0), (1, 0, 0, 1, 1, 0, 1), (1, 0, 0, 1, 1, 1, 0), (1, 0, 0, 1, 1, 1, 1), (1, 0, 1, 0, 0, 0, 0), (1, 0, 1, 0, 0, 0, 1), (1, 0, 1, 0, 0, 1, 0), (1, 0, 1, 0, 0, 1, 1), (1, 0, 1, 0, 1, 0, 0), (1, 0, 1, 0, 1, 0, 1), (1, 0, 1, 0, 1, 1, 0), (1, 0, 1, 0, 1, 1, 1), (1, 0, 1, 1, 0, 0, 0), (1, 0, 1, 1, 0, 0, 1), (1, 0, 1, 1, 0, 1, 0), (1, 0, 1, 1, 0, 1, 1), (1, 0, 1, 1, 1, 0, 0), (1, 0, 1, 1, 1, 0, 1), (1, 0, 1, 1, 1, 1, 0), (1, 0, 1, 1, 1, 1, 1), (1, 1, 0, 0, 0, 0, 0), (1, 1, 0, 0, 0, 0, 1), (1, 1, 0, 0, 0, 1, 0), (1, 1, 0, 0, 0, 1, 1), (1, 1, 0, 0, 1, 0, 0), (1, 1, 0, 0, 1, 0, 1), (1, 1, 0, 0, 1, 1, 0), (1, 1, 0, 0, 1, 1, 1), (1, 1, 0, 1, 0, 0, 0), (1, 1, 0, 1, 0, 0, 1), (1, 1, 0, 1, 0, 1, 0), (1, 1, 0, 1, 0, 1, 1), (1, 1, 0, 1, 1, 0, 0), (1, 1, 0, 1, 1, 0, 1), (1, 1, 0, 1, 1, 1, 0), (1, 1, 0, 1, 1, 1, 1), (1, 1, 1, 0, 0, 0, 0), (1, 1, 1, 0, 0, 0, 1), (1, 1, 1, 0, 0, 1, 0), (1, 1, 1, 0, 0, 1, 1), (1, 1, 1, 0, 1, 0, 0), (1, 1, 1, 0, 1, 0, 1), (1, 1, 1, 0, 1, 1, 0), (1, 1, 1, 0, 1, 1, 1), (1, 1, 1, 1, 0, 0, 0), (1, 1, 1, 1, 0, 0, 1), (1, 1, 1, 1, 0, 1, 0), (1, 1, 1, 1, 0, 1, 1), (1, 1, 1, 1, 1, 0, 0), (1, 1, 1, 1, 1, 0, 1), (1, 1, 1, 1, 1, 1, 0), (1, 1, 1, 1, 1, 1, 1)]


[NEW BEST] EGALITARIAN SOCIAL WELFARE ---> VALUE 14 --- COLOURING (0, 0, 0, 0, 0, 0, 1)
[NEW BEST] EGALITARIAN SOCIAL WELFARE ---> VALUE 22 --- COLOURING (0, 0, 0, 0, 0, 1, 0)
[NEW BEST] EGALITARIAN SOCIAL WELFARE ---> VALUE 71 --- COLOURING (0, 0, 0, 0, 0, 1, 1)
[NEW BEST] EGALITARIAN SOCIAL WELFARE ---> VALUE 72 --- COLOURING (0, 0, 0, 0, 1, 0, 1)
[NEW BEST] EGALITARIAN SOCIAL WELFARE ---> VALUE 94 --- COLOURING (0, 0, 0, 0, 1, 1, 1)
[NEW BEST] EGALITARIAN SOCIAL WELFARE ---> VALUE 97 --- COLOURING (0, 0, 0, 1, 0, 0, 1)
[NEW BEST] EGALITARIAN SOCIAL WELFARE ---> VALUE 108 --- COLOURING (0, 0, 0, 1, 0, 1, 1)
[NEW BEST] EGALITARIAN SOCIAL WELFARE ---> VALUE 112 --- COLOURING (0, 0, 0, 1, 1, 0, 1)
[NEW BEST] EGALITARIAN SOCIAL WELFARE ---> VALUE 122 --- COLOURING (0, 1, 0, 0, 1, 1, 0)
[NEW BEST] EGALITARIAN SOCIAL WELFARE ---> VALUE 137 --- COLOURING (0, 1, 0, 1, 1, 0, 0)
[NEW BEST] EGALITARIAN SOCIAL WELFARE ---> VALUE 161 --- COLOURING (0, 1, 1, 0, 0, 0, 1)

[FINAL] EGALITARIAN SOCIAL WELFARE ---> VALUE 161 --- COLOURING (0, 1, 1, 0, 0, 0, 1)

######################################################################
[EXEC : NASH EQUILIBRIUM]


[IMPROVING MOVE] [NEW BEST] COLOR 0 --- NODE 0 --- [NEW BEST] PROFIT 213
[IMPROVING MOVE] [NEW BEST] COLOR 0 --- NODE 1 --- [NEW BEST] PROFIT 171
[IMPROVING MOVE] [NEW BEST] COLOR 0 --- NODE 2 --- [NEW BEST] PROFIT 220
[IMPROVING MOVE] [NEW BEST] COLOR 0 --- NODE 4 --- [NEW BEST] PROFIT 133
[IMPROVING MOVE] [NEW BEST] COLOR 1 --- NODE 0 --- [NEW BEST] PROFIT 144
[IMPROVING MOVE] [NEW BEST] COLOR 0 --- NODE 5 --- [NEW BEST] PROFIT 190
[IMPROVING MOVE] [NEW BEST] COLOR 1 --- NODE 2 --- [NEW BEST] PROFIT 117

[FINAL] EGALITARIAN SOCIAL WELFARE ---> VALUE 117
[FINAL] UTILITARIAN SOCIAL WELFARE ---> VALUE 1361
[FINAL] COUNT ---> VALUE 7

######################################################################
[EXEC : UTILITARIAN PRICE OF ANARCHY]


[OPT] UTILITARIAN SOCIAL WELFARE : 1414 / [NASH] UTILITARIAN SOCIAL WELFARE : 1361 = 1.038941954445261

######################################################################
[EXEC : EGALITARIAN PRICE OF ANARCHY]


[OPT] EGALITARIAN SOCIAL WELFARE : 161 / [NASH] EGALITARIAN SOCIAL WELFARE : 117 = 1.376068376068376