
######################################################################
[EXEC : UTILITARIAN SOCIAL WELFARE]


COLOR LIST PERMUTATION (pre-assignment)

[(0, 0, 0, 0, 0, 0), (0, 0, 0, 0, 0, 1), (0, 0, 0, 0, 1, 0), (0, 0, 0, 0, 1, 1), (0, 0, 0, 1, 0, 0), (0, 0, 0, 1, 0, 1), (0, 0, 0, 1, 1, 0), (0, 0, 0, 1, 1, 1), (0, 0, 1, 0, 0, 0), (0, 0, 1, 0, 0, 1), (0, 0, 1, 0, 1, 0), (0, 0, 1, 0, 1, 1), (0, 0, 1, 1, 0, 0), (0, 0, 1, 1, 0, 1), (0, 0, 1, 1, 1, 0), (0, 0, 1, 1, 1, 1), (0, 1, 0, 0, 0, 0), (0, 1, 0, 0, 0, 1), (0, 1, 0, 0, 1, 0), (0, 1, 0, 0, 1, 1), (0, 1, 0, 1, 0, 0), (0, 1, 0, 1, 0, 1), (0, 1, 0, 1, 1, 0), (0, 1, 0, 1, 1, 1), (0, 1, 1, 0, 0, 0), (0, 1, 1, 0, 0, 1), (0, 1, 1, 0, 1, 0), (0, 1, 1, 0, 1, 1), (0, 1, 1, 1, 0, 0), (0, 1, 1, 1, 0, 1), (0, 1, 1, 1, 1, 0), (0, 1, 1, 1, 1, 1), (1, 0, 0, 0, 0, 0), (1, 0, 0, 0, 0, 1), (1, 0, 0, 0, 1, 0), (1, 0, 0, 0, 1, 1), (1, 0, 0, 1, 0, 0), (1, 0, 0, 1, 0, 1), (1, 0, 0, 1, 1, 0), (1, 0, 0, 1, 1, 1), (1, 0, 1, 0, 0, 0), (1, 0, 1, 0, 0, 1), (1, 0, 1, 0, 1, 0), (1, 0, 1, 0, 1, 1), (1, 0, 1, 1, 0, 0), (1, 0, 1, 1, 0, 1), (1, 0, 1, 1, 1, 0), (1, 0, 1, 1, 1, 1), (1, 1, 0, 0, 0, 0), (1, 1, 0, 0, 0, 1), (1, 1, 0, 0, 1, 0), (1, 1, 0, 0, 1, 1), (1, 1, 0, 1, 0, 0), (1, 1, 0, 1, 0, 1), (1, 1, 0, 1, 1, 0), (1, 1, 0, 1, 1, 1), (1, 1, 1, 0, 0, 0), (1, 1, 1, 0, 0, 1), (1, 1, 1, 0, 1, 0), (1, 1, 1, 0, 1, 1), (1, 1, 1, 1, 0, 0), (1, 1, 1, 1, 0, 1), (1, 1, 1, 1, 1, 0), (1, 1, 1, 1, 1, 1)]


[NEW BEST] UTILITARIAN SOCIAL WELFARE ---> VALUE 110 --- COLOURING (0, 0, 0, 0, 0, 0)
[NEW BEST] UTILITARIAN SOCIAL WELFARE ---> VALUE 120 --- COLOURING (0, 0, 0, 0, 1, 0)
[NEW BEST] UTILITARIAN SOCIAL WELFARE ---> VALUE 123 --- COLOURING (0, 0, 0, 1, 1, 0)
[NEW BEST] UTILITARIAN SOCIAL WELFARE ---> VALUE 126 --- COLOURING (0, 0, 1, 0, 0, 0)
[NEW BEST] UTILITARIAN SOCIAL WELFARE ---> VALUE 136 --- COLOURING (0, 0, 1, 0, 1, 0)
[NEW BEST] UTILITARIAN SOCIAL WELFARE ---> VALUE 139 --- COLOURING (0, 0, 1, 1, 1, 0)
[NEW BEST] UTILITARIAN SOCIAL WELFARE ---> VALUE 153 --- COLOURING (1, 0, 0, 0, 0, 0)
[NEW BEST] UTILITARIAN SOCIAL WELFARE ---> VALUE 159 --- COLOURING (1, 0, 0, 0, 1, 0)

[FINAL] UTILITARIAN SOCIAL WELFARE ---> VALUE 159 --- COLOURING (1, 0, 0, 0, 1, 0)

######################################################################
[EXEC : EGALITARIAN SOCIAL WELFARE]


COLOR LIST PERMUTATION (pre-assignment)

[(0, 0, 0, 0, 0, 0), (0, 0, 0, 0, 0, 1), (0, 0, 0, 0, 1, 0), (0, 0, 0, 0, 1, 1), (0, 0, 0, 1, 0, 0), (0, 0, 0, 1, 0, 1), (0, 0, 0, 1, 1, 0), (0, 0, 0, 1, 1, 1), (0, 0, 1, 0, 0, 0), (0, 0, 1, 0, 0, 1), (0, 0, 1, 0, 1, 0), (0, 0, 1, 0, 1, 1), (0, 0, 1, 1, 0, 0), (0, 0, 1, 1, 0, 1), (0, 0, 1, 1, 1, 0), (0, 0, 1, 1, 1, 1), (0, 1, 0, 0, 0, 0), (0, 1, 0, 0, 0, 1), (0, 1, 0, 0, 1, 0), (0, 1, 0, 0, 1, 1), (0, 1, 0, 1, 0, 0), (0, 1, 0, 1, 0, 1), (0, 1, 0, 1, 1, 0), (0, 1, 0, 1, 1, 1), (0, 1, 1, 0, 0, 0), (0, 1, 1, 0, 0, 1), (0, 1, 1, 0, 1, 0), (0, 1, 1, 0, 1, 1), (0, 1, 1, 1, 0, 0), (0, 1, 1, 1, 0, 1), (0, 1, 1, 1, 1, 0), (0, 1, 1, 1, 1, 1), (1, 0, 0, 0, 0, 0), (1, 0, 0, 0, 0, 1), (1, 0, 0, 0, 1, 0), (1, 0, 0, 0, 1, 1), (1, 0, 0, 1, 0, 0), (1, 0, 0, 1, 0, 1), (1, 0, 0, 1, 1, 0), (1, 0, 0, 1, 1, 1), (1, 0, 1, 0, 0, 0), (1, 0, 1, 0, 0, 1), (1, 0, 1, 0, 1, 0), (1, 0, 1, 0, 1, 1), (1, 0, 1, 1, 0, 0), (1, 0, 1, 1, 0, 1), (1, 0, 1, 1, 1, 0), (1, 0, 1, 1, 1, 1), (1, 1, 0, 0, 0, 0), (1, 1, 0, 0, 0, 1), (1, 1, 0, 0, 1, 0), (1, 1, 0, 0, 1, 1), (1, 1, 0, 1, 0, 0), (1, 1, 0, 1, 0, 1), (1, 1, 0, 1, 1, 0), (1, 1, 0, 1, 1, 1), (1, 1, 1, 0, 0, 0), (1, 1, 1, 0, 0, 1), (1, 1, 1, 0, 1, 0), (1, 1, 1, 0, 1, 1), (1, 1, 1, 1, 0, 0), (1, 1, 1, 1, 0, 1), (1, 1, 1, 1, 1, 0), (1, 1, 1, 1, 1, 1)]


[NEW BEST] EGALITARIAN SOCIAL WELFARE ---> VALUE 18 --- COLOURING (0, 0, 0, 0, 1, 0)
[NEW BEST] EGALITARIAN SOCIAL WELFARE ---> VALUE 19 --- COLOURING (0, 0, 1, 0, 1, 0)
[NEW BEST] EGALITARIAN SOCIAL WELFARE ---> VALUE 21 --- COLOURING (1, 0, 0, 0, 1, 0)

[FINAL] EGALITARIAN SOCIAL WELFARE ---> VALUE 21 --- COLOURING (1, 0, 0, 0, 1, 0)

######################################################################
[EXEC : NASH EQUILIBRIUM]


[IMPROVING MOVE] [NEW BEST] COLOR 0 --- NODE 0 --- [NEW BEST] PROFIT 39
[IMPROVING MOVE] [NEW BEST] COLOR 0 --- NODE 1 --- [NEW BEST] PROFIT 20
[IMPROVING MOVE] [NEW BEST] COLOR 0 --- NODE 5 --- [NEW BEST] PROFIT 22

[FINAL] EGALITARIAN SOCIAL WELFARE ---> VALUE 19
[FINAL] UTILITARIAN SOCIAL WELFARE ---> VALUE 139
[FINAL] COUNT ---> VALUE 3