
######################################################################
[EXEC : UTILITARIAN SOCIAL WELFARE]


COLOR LIST PERMUTATION (pre-assignment)

[(0, 0, 0, 0), (0, 0, 0, 1), (0, 0, 1, 0), (0, 0, 1, 1), (0, 1, 0, 0), (0, 1, 0, 1), (0, 1, 1, 0), (0, 1, 1, 1), (1, 0, 0, 0), (1, 0, 0, 1), (1, 0, 1, 0), (1, 0, 1, 1), (1, 1, 0, 0), (1, 1, 0, 1), (1, 1, 1, 0), (1, 1, 1, 1)]


[NEW BEST] UTILITARIAN SOCIAL WELFARE ---> VALUE 33 --- COLOURING (0, 0, 0, 0)
[NEW BEST] UTILITARIAN SOCIAL WELFARE ---> VALUE 62 --- COLOURING (0, 0, 0, 1)
[NEW BEST] UTILITARIAN SOCIAL WELFARE ---> VALUE 98 --- COLOURING (0, 0, 1, 0)
[NEW BEST] UTILITARIAN SOCIAL WELFARE ---> VALUE 114 --- COLOURING (0, 1, 1, 0)

[FINAL] UTILITARIAN SOCIAL WELFARE ---> VALUE 114 --- COLOURING (0, 1, 1, 0)

######################################################################
[EXEC : EGALITARIAN SOCIAL WELFARE]


COLOR LIST PERMUTATION (pre-assignment)

[(0, 0, 0, 0), (0, 0, 0, 1), (0, 0, 1, 0), (0, 0, 1, 1), (0, 1, 0, 0), (0, 1, 0, 1), (0, 1, 1, 0), (0, 1, 1, 1), (1, 0, 0, 0), (1, 0, 0, 1), (1, 0, 1, 0), (1, 0, 1, 1), (1, 1, 0, 0), (1, 1, 0, 1), (1, 1, 1, 0), (1, 1, 1, 1)]


[NEW BEST] EGALITARIAN SOCIAL WELFARE ---> VALUE 8 --- COLOURING (0, 0, 0, 1)
[NEW BEST] EGALITARIAN SOCIAL WELFARE ---> VALUE 13 --- COLOURING (0, 0, 1, 0)
[NEW BEST] EGALITARIAN SOCIAL WELFARE ---> VALUE 21 --- COLOURING (0, 1, 1, 0)

[FINAL] EGALITARIAN SOCIAL WELFARE ---> VALUE 21 --- COLOURING (0, 1, 1, 0)

######################################################################
[EXEC : NASH EQUILIBRIUM]


[IMPROVING MOVE] [NEW BEST] COLOR 0 --- NODE 0 --- [NEW BEST] PROFIT 38
[IMPROVING MOVE] [NEW BEST] COLOR 0 --- NODE 1 --- [NEW BEST] PROFIT 19
[IMPROVING MOVE] [NEW BEST] COLOR 0 --- NODE 3 --- [NEW BEST] PROFIT 17
[IMPROVING MOVE] [NEW BEST] COLOR 1 --- NODE 1 --- [NEW BEST] PROFIT 21

[FINAL] EGALITARIAN SOCIAL WELFARE ---> VALUE 21
[FINAL] UTILITARIAN SOCIAL WELFARE ---> VALUE 114
[FINAL] COUNT ---> VALUE 4