


######################################################################
[EXEC : NASH EQUILIBRIUM]
[GRAPH : 0_gnp_random_graph_10_nodes_0.27_probability.edgelist]
[COLORS : 5]

[IMPROVING MOVE] [NEW BEST] COLOR 1 --- NODE 0 --- [NEW BEST] PROFIT 110
[IMPROVING MOVE] [NEW BEST] COLOR 4 --- NODE 1 --- [NEW BEST] PROFIT 113
[IMPROVING MOVE] [NEW BEST] COLOR 2 --- NODE 0 --- [NEW BEST] PROFIT 118
[IMPROVING MOVE] [NEW BEST] COLOR 1 --- NODE 2 --- [NEW BEST] PROFIT 106
[IMPROVING MOVE] [NEW BEST] COLOR 0 --- NODE 3 --- [NEW BEST] PROFIT 111
[IMPROVING MOVE] [NEW BEST] COLOR 3 --- NODE 5 --- [NEW BEST] PROFIT 91
[IMPROVING MOVE] [NEW BEST] COLOR 2 --- NODE 6 --- [NEW BEST] PROFIT 113
[IMPROVING MOVE] [NEW BEST] COLOR 2 --- NODE 8 --- [NEW BEST] PROFIT 68
[IMPROVING MOVE] [NEW BEST] COLOR 4 --- NODE 4 --- [NEW BEST] PROFIT 116
[IMPROVING MOVE] [NEW BEST] COLOR 2 --- NODE 7 --- [NEW BEST] PROFIT 101

[FINAL] EGALITARIAN SOCIAL WELFARE ---> VALUE 67
[FINAL] UTILITARIAN SOCIAL WELFARE ---> VALUE 935
[FINAL] COUNT ---> VALUE 10


######################################################################
[EXEC : NASH EQUILIBRIUM]
[GRAPH : 1_gnp_random_graph_10_nodes_0.04_probability.edgelist]
[COLORS : 2]

[IMPROVING MOVE] [NEW BEST] COLOR 1 --- NODE 1 --- [NEW BEST] PROFIT 92
[IMPROVING MOVE] [NEW BEST] COLOR 0 --- NODE 2 --- [NEW BEST] PROFIT 66
[IMPROVING MOVE] [NEW BEST] COLOR 0 --- NODE 3 --- [NEW BEST] PROFIT 77
[IMPROVING MOVE] [NEW BEST] COLOR 1 --- NODE 2 --- [NEW BEST] PROFIT 68
[IMPROVING MOVE] [NEW BEST] COLOR 1 --- NODE 8 --- [NEW BEST] PROFIT 93

[FINAL] EGALITARIAN SOCIAL WELFARE ---> VALUE 68
[FINAL] UTILITARIAN SOCIAL WELFARE ---> VALUE 502
[FINAL] COUNT ---> VALUE 5


######################################################################
[EXEC : NASH EQUILIBRIUM]
[GRAPH : 2_gnp_random_graph_10_nodes_0.51_probability.edgelist]
[COLORS : 6]

[IMPROVING MOVE] [NEW BEST] COLOR 4 --- NODE 0 --- [NEW BEST] PROFIT 107
[IMPROVING MOVE] [NEW BEST] COLOR 2 --- NODE 5 --- [NEW BEST] PROFIT 108
[IMPROVING MOVE] [NEW BEST] COLOR 4 --- NODE 6 --- [NEW BEST] PROFIT 113
[IMPROVING MOVE] [NEW BEST] COLOR 1 --- NODE 8 --- [NEW BEST] PROFIT 57
[IMPROVING MOVE] [NEW BEST] COLOR 4 --- NODE 9 --- [NEW BEST] PROFIT 106
[IMPROVING MOVE] [NEW BEST] COLOR 3 --- NODE 1 --- [NEW BEST] PROFIT 83
[IMPROVING MOVE] [NEW BEST] COLOR 1 --- NODE 3 --- [NEW BEST] PROFIT 112
[IMPROVING MOVE] [NEW BEST] COLOR 4 --- NODE 4 --- [NEW BEST] PROFIT 111
[IMPROVING MOVE] [NEW BEST] COLOR 3 --- NODE 2 --- [NEW BEST] PROFIT 115
[IMPROVING MOVE] [NEW BEST] COLOR 0 --- NODE 7 --- [NEW BEST] PROFIT 115

[FINAL] EGALITARIAN SOCIAL WELFARE ---> VALUE 55
[FINAL] UTILITARIAN SOCIAL WELFARE ---> VALUE 1021
[FINAL] COUNT ---> VALUE 10


######################################################################
[EXEC : NASH EQUILIBRIUM]
[GRAPH : 3_gnp_random_graph_10_nodes_0.15_probability.edgelist]
[COLORS : 3]

[IMPROVING MOVE] [NEW BEST] COLOR 0 --- NODE 5 --- [NEW BEST] PROFIT 42
[IMPROVING MOVE] [NEW BEST] COLOR 1 --- NODE 3 --- [NEW BEST] PROFIT 49
[IMPROVING MOVE] [NEW BEST] COLOR 0 --- NODE 9 --- [NEW BEST] PROFIT 87
[IMPROVING MOVE] [NEW BEST] COLOR 2 --- NODE 2 --- [NEW BEST] PROFIT 101
[IMPROVING MOVE] [NEW BEST] COLOR 2 --- NODE 7 --- [NEW BEST] PROFIT 90
[IMPROVING MOVE] [NEW BEST] COLOR 0 --- NODE 2 --- [NEW BEST] PROFIT 101
[IMPROVING MOVE] [NEW BEST] COLOR 1 --- NODE 4 --- [NEW BEST] PROFIT 89

[FINAL] EGALITARIAN SOCIAL WELFARE ---> VALUE 41
[FINAL] UTILITARIAN SOCIAL WELFARE ---> VALUE 651
[FINAL] COUNT ---> VALUE 7


######################################################################
[EXEC : NASH EQUILIBRIUM]
[GRAPH : 4_gnp_random_graph_10_nodes_0.56_probability.edgelist]
[COLORS : 10]

[IMPROVING MOVE] [NEW BEST] COLOR 5 --- NODE 0 --- [NEW BEST] PROFIT 109
[IMPROVING MOVE] [NEW BEST] COLOR 8 --- NODE 4 --- [NEW BEST] PROFIT 118
[IMPROVING MOVE] [NEW BEST] COLOR 3 --- NODE 6 --- [NEW BEST] PROFIT 132
[IMPROVING MOVE] [NEW BEST] COLOR 9 --- NODE 1 --- [NEW BEST] PROFIT 120
[IMPROVING MOVE] [NEW BEST] COLOR 5 --- NODE 2 --- [NEW BEST] PROFIT 125
[IMPROVING MOVE] [NEW BEST] COLOR 6 --- NODE 3 --- [NEW BEST] PROFIT 142
[IMPROVING MOVE] [NEW BEST] COLOR 8 --- NODE 5 --- [NEW BEST] PROFIT 134
[IMPROVING MOVE] [NEW BEST] COLOR 4 --- NODE 8 --- [NEW BEST] PROFIT 124
[IMPROVING MOVE] [NEW BEST] COLOR 6 --- NODE 9 --- [NEW BEST] PROFIT 106

[FINAL] EGALITARIAN SOCIAL WELFARE ---> VALUE 106
[FINAL] UTILITARIAN SOCIAL WELFARE ---> VALUE 1250
[FINAL] COUNT ---> VALUE 9


######################################################################
[EXEC : NASH EQUILIBRIUM]
[GRAPH : 5_gnp_random_graph_10_nodes_0.12_probability.edgelist]
[COLORS : 3]

[IMPROVING MOVE] [NEW BEST] COLOR 1 --- NODE 0 --- [NEW BEST] PROFIT 38
[IMPROVING MOVE] [NEW BEST] COLOR 1 --- NODE 2 --- [NEW BEST] PROFIT 97
[IMPROVING MOVE] [NEW BEST] COLOR 1 --- NODE 5 --- [NEW BEST] PROFIT 57
[IMPROVING MOVE] [NEW BEST] COLOR 2 --- NODE 2 --- [NEW BEST] PROFIT 96
[IMPROVING MOVE] [NEW BEST] COLOR 2 --- NODE 7 --- [NEW BEST] PROFIT 65

[FINAL] EGALITARIAN SOCIAL WELFARE ---> VALUE 38
[FINAL] UTILITARIAN SOCIAL WELFARE ---> VALUE 519
[FINAL] COUNT ---> VALUE 5


######################################################################
[EXEC : NASH EQUILIBRIUM]
[GRAPH : 6_gnp_random_graph_10_nodes_0.38_probability.edgelist]
[COLORS : 9]

[IMPROVING MOVE] [NEW BEST] COLOR 8 --- NODE 0 --- [NEW BEST] PROFIT 102
[IMPROVING MOVE] [NEW BEST] COLOR 2 --- NODE 4 --- [NEW BEST] PROFIT 122
[IMPROVING MOVE] [NEW BEST] COLOR 2 --- NODE 6 --- [NEW BEST] PROFIT 107
[IMPROVING MOVE] [NEW BEST] COLOR 4 --- NODE 7 --- [NEW BEST] PROFIT 119
[IMPROVING MOVE] [NEW BEST] COLOR 5 --- NODE 1 --- [NEW BEST] PROFIT 108
[IMPROVING MOVE] [NEW BEST] COLOR 5 --- NODE 3 --- [NEW BEST] PROFIT 110
[IMPROVING MOVE] [NEW BEST] COLOR 3 --- NODE 1 --- [NEW BEST] PROFIT 107
[IMPROVING MOVE] [NEW BEST] COLOR 2 --- NODE 2 --- [NEW BEST] PROFIT 106
[IMPROVING MOVE] [NEW BEST] COLOR 7 --- NODE 4 --- [NEW BEST] PROFIT 128
[IMPROVING MOVE] [NEW BEST] COLOR 8 --- NODE 5 --- [NEW BEST] PROFIT 85

[FINAL] EGALITARIAN SOCIAL WELFARE ---> VALUE 85
[FINAL] UTILITARIAN SOCIAL WELFARE ---> VALUE 999
[FINAL] COUNT ---> VALUE 10


######################################################################
[EXEC : NASH EQUILIBRIUM]
[GRAPH : 7_gnp_random_graph_10_nodes_0.53_probability.edgelist]
[COLORS : 4]

[IMPROVING MOVE] [NEW BEST] COLOR 3 --- NODE 0 --- [NEW BEST] PROFIT 111
[IMPROVING MOVE] [NEW BEST] COLOR 0 --- NODE 8 --- [NEW BEST] PROFIT 105
[IMPROVING MOVE] [NEW BEST] COLOR 2 --- NODE 1 --- [NEW BEST] PROFIT 90
[IMPROVING MOVE] [NEW BEST] COLOR 1 --- NODE 6 --- [NEW BEST] PROFIT 98
[IMPROVING MOVE] [NEW BEST] COLOR 2 --- NODE 2 --- [NEW BEST] PROFIT 88
[IMPROVING MOVE] [NEW BEST] COLOR 2 --- NODE 4 --- [NEW BEST] PROFIT 103
[IMPROVING MOVE] [NEW BEST] COLOR 0 --- NODE 5 --- [NEW BEST] PROFIT 93

[FINAL] EGALITARIAN SOCIAL WELFARE ---> VALUE 88
[FINAL] UTILITARIAN SOCIAL WELFARE ---> VALUE 1016
[FINAL] COUNT ---> VALUE 7


######################################################################
[EXEC : NASH EQUILIBRIUM]
[GRAPH : 8_gnp_random_graph_10_nodes_0.73_probability.edgelist]
[COLORS : 9]

[IMPROVING MOVE] [NEW BEST] COLOR 1 --- NODE 0 --- [NEW BEST] PROFIT 135
[IMPROVING MOVE] [NEW BEST] COLOR 7 --- NODE 1 --- [NEW BEST] PROFIT 131
[IMPROVING MOVE] [NEW BEST] COLOR 1 --- NODE 3 --- [NEW BEST] PROFIT 106
[IMPROVING MOVE] [NEW BEST] COLOR 8 --- NODE 6 --- [NEW BEST] PROFIT 112
[IMPROVING MOVE] [NEW BEST] COLOR 3 --- NODE 7 --- [NEW BEST] PROFIT 120
[IMPROVING MOVE] [NEW BEST] COLOR 1 --- NODE 4 --- [NEW BEST] PROFIT 133
[IMPROVING MOVE] [NEW BEST] COLOR 3 --- NODE 8 --- [NEW BEST] PROFIT 120
[IMPROVING MOVE] [NEW BEST] COLOR 6 --- NODE 2 --- [NEW BEST] PROFIT 95

[FINAL] EGALITARIAN SOCIAL WELFARE ---> VALUE 95
[FINAL] UTILITARIAN SOCIAL WELFARE ---> VALUE 1229
[FINAL] COUNT ---> VALUE 8


######################################################################
[EXEC : NASH EQUILIBRIUM]
[GRAPH : 9_gnp_random_graph_10_nodes_0.64_probability.edgelist]
[COLORS : 9]

[IMPROVING MOVE] [NEW BEST] COLOR 5 --- NODE 0 --- [NEW BEST] PROFIT 139
[IMPROVING MOVE] [NEW BEST] COLOR 5 --- NODE 1 --- [NEW BEST] PROFIT 96
[IMPROVING MOVE] [NEW BEST] COLOR 0 --- NODE 2 --- [NEW BEST] PROFIT 136
[IMPROVING MOVE] [NEW BEST] COLOR 7 --- NODE 3 --- [NEW BEST] PROFIT 94
[IMPROVING MOVE] [NEW BEST] COLOR 3 --- NODE 6 --- [NEW BEST] PROFIT 124
[IMPROVING MOVE] [NEW BEST] COLOR 0 --- NODE 7 --- [NEW BEST] PROFIT 109
[IMPROVING MOVE] [NEW BEST] COLOR 8 --- NODE 8 --- [NEW BEST] PROFIT 132
[IMPROVING MOVE] [NEW BEST] COLOR 8 --- NODE 5 --- [NEW BEST] PROFIT 125
[IMPROVING MOVE] [NEW BEST] COLOR 5 --- NODE 9 --- [NEW BEST] PROFIT 130
[IMPROVING MOVE] [NEW BEST] COLOR 6 --- NODE 7 --- [NEW BEST] PROFIT 118
[IMPROVING MOVE] [NEW BEST] COLOR 4 --- NODE 4 --- [NEW BEST] PROFIT 121

[FINAL] EGALITARIAN SOCIAL WELFARE ---> VALUE 94
[FINAL] UTILITARIAN SOCIAL WELFARE ---> VALUE 1207
[FINAL] COUNT ---> VALUE 11