
######################################################################
[EXEC : UTILITARIAN SOCIAL WELFARE]


COLOR LIST PERMUTATION (pre-assignment)

[(0, 0, 0, 0, 0), (0, 0, 0, 0, 1), (0, 0, 0, 0, 2), (0, 0, 0, 1, 0), (0, 0, 0, 1, 1), (0, 0, 0, 1, 2), (0, 0, 0, 2, 0), (0, 0, 0, 2, 1), (0, 0, 0, 2, 2), (0, 0, 1, 0, 0), (0, 0, 1, 0, 1), (0, 0, 1, 0, 2), (0, 0, 1, 1, 0), (0, 0, 1, 1, 1), (0, 0, 1, 1, 2), (0, 0, 1, 2, 0), (0, 0, 1, 2, 1), (0, 0, 1, 2, 2), (0, 0, 2, 0, 0), (0, 0, 2, 0, 1), (0, 0, 2, 0, 2), (0, 0, 2, 1, 0), (0, 0, 2, 1, 1), (0, 0, 2, 1, 2), (0, 0, 2, 2, 0), (0, 0, 2, 2, 1), (0, 0, 2, 2, 2), (0, 1, 0, 0, 0), (0, 1, 0, 0, 1), (0, 1, 0, 0, 2), (0, 1, 0, 1, 0), (0, 1, 0, 1, 1), (0, 1, 0, 1, 2), (0, 1, 0, 2, 0), (0, 1, 0, 2, 1), (0, 1, 0, 2, 2), (0, 1, 1, 0, 0), (0, 1, 1, 0, 1), (0, 1, 1, 0, 2), (0, 1, 1, 1, 0), (0, 1, 1, 1, 1), (0, 1, 1, 1, 2), (0, 1, 1, 2, 0), (0, 1, 1, 2, 1), (0, 1, 1, 2, 2), (0, 1, 2, 0, 0), (0, 1, 2, 0, 1), (0, 1, 2, 0, 2), (0, 1, 2, 1, 0), (0, 1, 2, 1, 1), (0, 1, 2, 1, 2), (0, 1, 2, 2, 0), (0, 1, 2, 2, 1), (0, 1, 2, 2, 2), (0, 2, 0, 0, 0), (0, 2, 0, 0, 1), (0, 2, 0, 0, 2), (0, 2, 0, 1, 0), (0, 2, 0, 1, 1), (0, 2, 0, 1, 2), (0, 2, 0, 2, 0), (0, 2, 0, 2, 1), (0, 2, 0, 2, 2), (0, 2, 1, 0, 0), (0, 2, 1, 0, 1), (0, 2, 1, 0, 2), (0, 2, 1, 1, 0), (0, 2, 1, 1, 1), (0, 2, 1, 1, 2), (0, 2, 1, 2, 0), (0, 2, 1, 2, 1), (0, 2, 1, 2, 2), (0, 2, 2, 0, 0), (0, 2, 2, 0, 1), (0, 2, 2, 0, 2), (0, 2, 2, 1, 0), (0, 2, 2, 1, 1), (0, 2, 2, 1, 2), (0, 2, 2, 2, 0), (0, 2, 2, 2, 1), (0, 2, 2, 2, 2), (1, 0, 0, 0, 0), (1, 0, 0, 0, 1), (1, 0, 0, 0, 2), (1, 0, 0, 1, 0), (1, 0, 0, 1, 1), (1, 0, 0, 1, 2), (1, 0, 0, 2, 0), (1, 0, 0, 2, 1), (1, 0, 0, 2, 2), (1, 0, 1, 0, 0), (1, 0, 1, 0, 1), (1, 0, 1, 0, 2), (1, 0, 1, 1, 0), (1, 0, 1, 1, 1), (1, 0, 1, 1, 2), (1, 0, 1, 2, 0), (1, 0, 1, 2, 1), (1, 0, 1, 2, 2), (1, 0, 2, 0, 0), (1, 0, 2, 0, 1), (1, 0, 2, 0, 2), (1, 0, 2, 1, 0), (1, 0, 2, 1, 1), (1, 0, 2, 1, 2), (1, 0, 2, 2, 0), (1, 0, 2, 2, 1), (1, 0, 2, 2, 2), (1, 1, 0, 0, 0), (1, 1, 0, 0, 1), (1, 1, 0, 0, 2), (1, 1, 0, 1, 0), (1, 1, 0, 1, 1), (1, 1, 0, 1, 2), (1, 1, 0, 2, 0), (1, 1, 0, 2, 1), (1, 1, 0, 2, 2), (1, 1, 1, 0, 0), (1, 1, 1, 0, 1), (1, 1, 1, 0, 2), (1, 1, 1, 1, 0), (1, 1, 1, 1, 1), (1, 1, 1, 1, 2), (1, 1, 1, 2, 0), (1, 1, 1, 2, 1), (1, 1, 1, 2, 2), (1, 1, 2, 0, 0), (1, 1, 2, 0, 1), (1, 1, 2, 0, 2), (1, 1, 2, 1, 0), (1, 1, 2, 1, 1), (1, 1, 2, 1, 2), (1, 1, 2, 2, 0), (1, 1, 2, 2, 1), (1, 1, 2, 2, 2), (1, 2, 0, 0, 0), (1, 2, 0, 0, 1), (1, 2, 0, 0, 2), (1, 2, 0, 1, 0), (1, 2, 0, 1, 1), (1, 2, 0, 1, 2), (1, 2, 0, 2, 0), (1, 2, 0, 2, 1), (1, 2, 0, 2, 2), (1, 2, 1, 0, 0), (1, 2, 1, 0, 1), (1, 2, 1, 0, 2), (1, 2, 1, 1, 0), (1, 2, 1, 1, 1), (1, 2, 1, 1, 2), (1, 2, 1, 2, 0), (1, 2, 1, 2, 1), (1, 2, 1, 2, 2), (1, 2, 2, 0, 0), (1, 2, 2, 0, 1), (1, 2, 2, 0, 2), (1, 2, 2, 1, 0), (1, 2, 2, 1, 1), (1, 2, 2, 1, 2), (1, 2, 2, 2, 0), (1, 2, 2, 2, 1), (1, 2, 2, 2, 2), (2, 0, 0, 0, 0), (2, 0, 0, 0, 1), (2, 0, 0, 0, 2), (2, 0, 0, 1, 0), (2, 0, 0, 1, 1), (2, 0, 0, 1, 2), (2, 0, 0, 2, 0), (2, 0, 0, 2, 1), (2, 0, 0, 2, 2), (2, 0, 1, 0, 0), (2, 0, 1, 0, 1), (2, 0, 1, 0, 2), (2, 0, 1, 1, 0), (2, 0, 1, 1, 1), (2, 0, 1, 1, 2), (2, 0, 1, 2, 0), (2, 0, 1, 2, 1), (2, 0, 1, 2, 2), (2, 0, 2, 0, 0), (2, 0, 2, 0, 1), (2, 0, 2, 0, 2), (2, 0, 2, 1, 0), (2, 0, 2, 1, 1), (2, 0, 2, 1, 2), (2, 0, 2, 2, 0), (2, 0, 2, 2, 1), (2, 0, 2, 2, 2), (2, 1, 0, 0, 0), (2, 1, 0, 0, 1), (2, 1, 0, 0, 2), (2, 1, 0, 1, 0), (2, 1, 0, 1, 1), (2, 1, 0, 1, 2), (2, 1, 0, 2, 0), (2, 1, 0, 2, 1), (2, 1, 0, 2, 2), (2, 1, 1, 0, 0), (2, 1, 1, 0, 1), (2, 1, 1, 0, 2), (2, 1, 1, 1, 0), (2, 1, 1, 1, 1), (2, 1, 1, 1, 2), (2, 1, 1, 2, 0), (2, 1, 1, 2, 1), (2, 1, 1, 2, 2), (2, 1, 2, 0, 0), (2, 1, 2, 0, 1), (2, 1, 2, 0, 2), (2, 1, 2, 1, 0), (2, 1, 2, 1, 1), (2, 1, 2, 1, 2), (2, 1, 2, 2, 0), (2, 1, 2, 2, 1), (2, 1, 2, 2, 2), (2, 2, 0, 0, 0), (2, 2, 0, 0, 1), (2, 2, 0, 0, 2), (2, 2, 0, 1, 0), (2, 2, 0, 1, 1), (2, 2, 0, 1, 2), (2, 2, 0, 2, 0), (2, 2, 0, 2, 1), (2, 2, 0, 2, 2), (2, 2, 1, 0, 0), (2, 2, 1, 0, 1), (2, 2, 1, 0, 2), (2, 2, 1, 1, 0), (2, 2, 1, 1, 1), (2, 2, 1, 1, 2), (2, 2, 1, 2, 0), (2, 2, 1, 2, 1), (2, 2, 1, 2, 2), (2, 2, 2, 0, 0), (2, 2, 2, 0, 1), (2, 2, 2, 0, 2), (2, 2, 2, 1, 0), (2, 2, 2, 1, 1), (2, 2, 2, 1, 2), (2, 2, 2, 2, 0), (2, 2, 2, 2, 1), (2, 2, 2, 2, 2)]


[NEW BEST] UTILITARIAN SOCIAL WELFARE ---> VALUE 221 --- COLOURING (0, 0, 0, 0, 0)
[NEW BEST] UTILITARIAN SOCIAL WELFARE ---> VALUE 235 --- COLOURING (0, 0, 0, 0, 1)
[NEW BEST] UTILITARIAN SOCIAL WELFARE ---> VALUE 270 --- COLOURING (0, 0, 0, 0, 2)
[NEW BEST] UTILITARIAN SOCIAL WELFARE ---> VALUE 287 --- COLOURING (0, 0, 1, 0, 0)
[NEW BEST] UTILITARIAN SOCIAL WELFARE ---> VALUE 324 --- COLOURING (0, 0, 1, 0, 2)
[NEW BEST] UTILITARIAN SOCIAL WELFARE ---> VALUE 339 --- COLOURING (0, 0, 2, 0, 2)
[NEW BEST] UTILITARIAN SOCIAL WELFARE ---> VALUE 354 --- COLOURING (0, 1, 0, 0, 2)
[NEW BEST] UTILITARIAN SOCIAL WELFARE ---> VALUE 372 --- COLOURING (0, 1, 1, 0, 2)
[NEW BEST] UTILITARIAN SOCIAL WELFARE ---> VALUE 388 --- COLOURING (0, 1, 2, 0, 0)
[NEW BEST] UTILITARIAN SOCIAL WELFARE ---> VALUE 405 --- COLOURING (0, 1, 2, 0, 2)
[NEW BEST] UTILITARIAN SOCIAL WELFARE ---> VALUE 410 --- COLOURING (2, 1, 2, 0, 2)

[FINAL] UTILITARIAN SOCIAL WELFARE ---> VALUE 410 --- COLOURING (2, 1, 2, 0, 2)

######################################################################
[EXEC : EGALITARIAN SOCIAL WELFARE]


COLOR LIST PERMUTATION (pre-assignment)

[(0, 0, 0, 0, 0), (0, 0, 0, 0, 1), (0, 0, 0, 0, 2), (0, 0, 0, 1, 0), (0, 0, 0, 1, 1), (0, 0, 0, 1, 2), (0, 0, 0, 2, 0), (0, 0, 0, 2, 1), (0, 0, 0, 2, 2), (0, 0, 1, 0, 0), (0, 0, 1, 0, 1), (0, 0, 1, 0, 2), (0, 0, 1, 1, 0), (0, 0, 1, 1, 1), (0, 0, 1, 1, 2), (0, 0, 1, 2, 0), (0, 0, 1, 2, 1), (0, 0, 1, 2, 2), (0, 0, 2, 0, 0), (0, 0, 2, 0, 1), (0, 0, 2, 0, 2), (0, 0, 2, 1, 0), (0, 0, 2, 1, 1), (0, 0, 2, 1, 2), (0, 0, 2, 2, 0), (0, 0, 2, 2, 1), (0, 0, 2, 2, 2), (0, 1, 0, 0, 0), (0, 1, 0, 0, 1), (0, 1, 0, 0, 2), (0, 1, 0, 1, 0), (0, 1, 0, 1, 1), (0, 1, 0, 1, 2), (0, 1, 0, 2, 0), (0, 1, 0, 2, 1), (0, 1, 0, 2, 2), (0, 1, 1, 0, 0), (0, 1, 1, 0, 1), (0, 1, 1, 0, 2), (0, 1, 1, 1, 0), (0, 1, 1, 1, 1), (0, 1, 1, 1, 2), (0, 1, 1, 2, 0), (0, 1, 1, 2, 1), (0, 1, 1, 2, 2), (0, 1, 2, 0, 0), (0, 1, 2, 0, 1), (0, 1, 2, 0, 2), (0, 1, 2, 1, 0), (0, 1, 2, 1, 1), (0, 1, 2, 1, 2), (0, 1, 2, 2, 0), (0, 1, 2, 2, 1), (0, 1, 2, 2, 2), (0, 2, 0, 0, 0), (0, 2, 0, 0, 1), (0, 2, 0, 0, 2), (0, 2, 0, 1, 0), (0, 2, 0, 1, 1), (0, 2, 0, 1, 2), (0, 2, 0, 2, 0), (0, 2, 0, 2, 1), (0, 2, 0, 2, 2), (0, 2, 1, 0, 0), (0, 2, 1, 0, 1), (0, 2, 1, 0, 2), (0, 2, 1, 1, 0), (0, 2, 1, 1, 1), (0, 2, 1, 1, 2), (0, 2, 1, 2, 0), (0, 2, 1, 2, 1), (0, 2, 1, 2, 2), (0, 2, 2, 0, 0), (0, 2, 2, 0, 1), (0, 2, 2, 0, 2), (0, 2, 2, 1, 0), (0, 2, 2, 1, 1), (0, 2, 2, 1, 2), (0, 2, 2, 2, 0), (0, 2, 2, 2, 1), (0, 2, 2, 2, 2), (1, 0, 0, 0, 0), (1, 0, 0, 0, 1), (1, 0, 0, 0, 2), (1, 0, 0, 1, 0), (1, 0, 0, 1, 1), (1, 0, 0, 1, 2), (1, 0, 0, 2, 0), (1, 0, 0, 2, 1), (1, 0, 0, 2, 2), (1, 0, 1, 0, 0), (1, 0, 1, 0, 1), (1, 0, 1, 0, 2), (1, 0, 1, 1, 0), (1, 0, 1, 1, 1), (1, 0, 1, 1, 2), (1, 0, 1, 2, 0), (1, 0, 1, 2, 1), (1, 0, 1, 2, 2), (1, 0, 2, 0, 0), (1, 0, 2, 0, 1), (1, 0, 2, 0, 2), (1, 0, 2, 1, 0), (1, 0, 2, 1, 1), (1, 0, 2, 1, 2), (1, 0, 2, 2, 0), (1, 0, 2, 2, 1), (1, 0, 2, 2, 2), (1, 1, 0, 0, 0), (1, 1, 0, 0, 1), (1, 1, 0, 0, 2), (1, 1, 0, 1, 0), (1, 1, 0, 1, 1), (1, 1, 0, 1, 2), (1, 1, 0, 2, 0), (1, 1, 0, 2, 1), (1, 1, 0, 2, 2), (1, 1, 1, 0, 0), (1, 1, 1, 0, 1), (1, 1, 1, 0, 2), (1, 1, 1, 1, 0), (1, 1, 1, 1, 1), (1, 1, 1, 1, 2), (1, 1, 1, 2, 0), (1, 1, 1, 2, 1), (1, 1, 1, 2, 2), (1, 1, 2, 0, 0), (1, 1, 2, 0, 1), (1, 1, 2, 0, 2), (1, 1, 2, 1, 0), (1, 1, 2, 1, 1), (1, 1, 2, 1, 2), (1, 1, 2, 2, 0), (1, 1, 2, 2, 1), (1, 1, 2, 2, 2), (1, 2, 0, 0, 0), (1, 2, 0, 0, 1), (1, 2, 0, 0, 2), (1, 2, 0, 1, 0), (1, 2, 0, 1, 1), (1, 2, 0, 1, 2), (1, 2, 0, 2, 0), (1, 2, 0, 2, 1), (1, 2, 0, 2, 2), (1, 2, 1, 0, 0), (1, 2, 1, 0, 1), (1, 2, 1, 0, 2), (1, 2, 1, 1, 0), (1, 2, 1, 1, 1), (1, 2, 1, 1, 2), (1, 2, 1, 2, 0), (1, 2, 1, 2, 1), (1, 2, 1, 2, 2), (1, 2, 2, 0, 0), (1, 2, 2, 0, 1), (1, 2, 2, 0, 2), (1, 2, 2, 1, 0), (1, 2, 2, 1, 1), (1, 2, 2, 1, 2), (1, 2, 2, 2, 0), (1, 2, 2, 2, 1), (1, 2, 2, 2, 2), (2, 0, 0, 0, 0), (2, 0, 0, 0, 1), (2, 0, 0, 0, 2), (2, 0, 0, 1, 0), (2, 0, 0, 1, 1), (2, 0, 0, 1, 2), (2, 0, 0, 2, 0), (2, 0, 0, 2, 1), (2, 0, 0, 2, 2), (2, 0, 1, 0, 0), (2, 0, 1, 0, 1), (2, 0, 1, 0, 2), (2, 0, 1, 1, 0), (2, 0, 1, 1, 1), (2, 0, 1, 1, 2), (2, 0, 1, 2, 0), (2, 0, 1, 2, 1), (2, 0, 1, 2, 2), (2, 0, 2, 0, 0), (2, 0, 2, 0, 1), (2, 0, 2, 0, 2), (2, 0, 2, 1, 0), (2, 0, 2, 1, 1), (2, 0, 2, 1, 2), (2, 0, 2, 2, 0), (2, 0, 2, 2, 1), (2, 0, 2, 2, 2), (2, 1, 0, 0, 0), (2, 1, 0, 0, 1), (2, 1, 0, 0, 2), (2, 1, 0, 1, 0), (2, 1, 0, 1, 1), (2, 1, 0, 1, 2), (2, 1, 0, 2, 0), (2, 1, 0, 2, 1), (2, 1, 0, 2, 2), (2, 1, 1, 0, 0), (2, 1, 1, 0, 1), (2, 1, 1, 0, 2), (2, 1, 1, 1, 0), (2, 1, 1, 1, 1), (2, 1, 1, 1, 2), (2, 1, 1, 2, 0), (2, 1, 1, 2, 1), (2, 1, 1, 2, 2), (2, 1, 2, 0, 0), (2, 1, 2, 0, 1), (2, 1, 2, 0, 2), (2, 1, 2, 1, 0), (2, 1, 2, 1, 1), (2, 1, 2, 1, 2), (2, 1, 2, 2, 0), (2, 1, 2, 2, 1), (2, 1, 2, 2, 2), (2, 2, 0, 0, 0), (2, 2, 0, 0, 1), (2, 2, 0, 0, 2), (2, 2, 0, 1, 0), (2, 2, 0, 1, 1), (2, 2, 0, 1, 2), (2, 2, 0, 2, 0), (2, 2, 0, 2, 1), (2, 2, 0, 2, 2), (2, 2, 1, 0, 0), (2, 2, 1, 0, 1), (2, 2, 1, 0, 2), (2, 2, 1, 1, 0), (2, 2, 1, 1, 1), (2, 2, 1, 1, 2), (2, 2, 1, 2, 0), (2, 2, 1, 2, 1), (2, 2, 1, 2, 2), (2, 2, 2, 0, 0), (2, 2, 2, 0, 1), (2, 2, 2, 0, 2), (2, 2, 2, 1, 0), (2, 2, 2, 1, 1), (2, 2, 2, 1, 2), (2, 2, 2, 2, 0), (2, 2, 2, 2, 1), (2, 2, 2, 2, 2)]


[NEW BEST] EGALITARIAN SOCIAL WELFARE ---> VALUE 23 --- COLOURING (0, 0, 0, 1, 0)
[NEW BEST] EGALITARIAN SOCIAL WELFARE ---> VALUE 24 --- COLOURING (0, 0, 1, 0, 0)
[NEW BEST] EGALITARIAN SOCIAL WELFARE ---> VALUE 28 --- COLOURING (0, 0, 1, 1, 0)
[NEW BEST] EGALITARIAN SOCIAL WELFARE ---> VALUE 29 --- COLOURING (0, 1, 0, 0, 0)
[NEW BEST] EGALITARIAN SOCIAL WELFARE ---> VALUE 33 --- COLOURING (0, 1, 0, 1, 0)
[NEW BEST] EGALITARIAN SOCIAL WELFARE ---> VALUE 34 --- COLOURING (0, 1, 1, 0, 0)
[NEW BEST] EGALITARIAN SOCIAL WELFARE ---> VALUE 37 --- COLOURING (0, 1, 1, 1, 0)
[NEW BEST] EGALITARIAN SOCIAL WELFARE ---> VALUE 38 --- COLOURING (0, 1, 1, 2, 0)
[NEW BEST] EGALITARIAN SOCIAL WELFARE ---> VALUE 43 --- COLOURING (2, 0, 0, 0, 1)
[NEW BEST] EGALITARIAN SOCIAL WELFARE ---> VALUE 45 --- COLOURING (2, 0, 1, 0, 0)

[FINAL] EGALITARIAN SOCIAL WELFARE ---> VALUE 45 --- COLOURING (2, 0, 1, 0, 0)

######################################################################
[EXEC : NASH EQUILIBRIUM]


[IMPROVING MOVE] [NEW BEST] COLOR 0 --- NODE 0 --- [NEW BEST] PROFIT 38
[IMPROVING MOVE] [NEW BEST] COLOR 1 --- NODE 1 --- [NEW BEST] PROFIT 123
[IMPROVING MOVE] [NEW BEST] COLOR 0 --- NODE 3 --- [NEW BEST] PROFIT 65
[IMPROVING MOVE] [NEW BEST] COLOR 2 --- NODE 0 --- [NEW BEST] PROFIT 40

[FINAL] EGALITARIAN SOCIAL WELFARE ---> VALUE 40
[FINAL] UTILITARIAN SOCIAL WELFARE ---> VALUE 410
[FINAL] COUNT ---> VALUE 4

######################################################################
[EXEC : UTILITARIAN PRICE OF ANARCHY]


[OPT] UTILITARIAN SOCIAL WELFARE : 410 / [NASH] UTILITARIAN SOCIAL WELFARE : 410 = 1.0

######################################################################
[EXEC : EGALITARIAN PRICE OF ANARCHY]


[OPT] EGALITARIAN SOCIAL WELFARE : 45 / [NASH] EGALITARIAN SOCIAL WELFARE : 40 = 1.125